-------------------------------------------------------------------------------
Test set: br.com.qintess.web.Questionario2.Questionario2ApplicationTests
-------------------------------------------------------------------------------
Tests run: 1, Failures: 0, Errors: 1, Skipped: 0, Time elapsed: 0.381 s <<< FAILURE! - in br.com.qintess.web.Questionario2.Questionario2ApplicationTests
br.com.qintess.web.Questionario2.Questionario2ApplicationTests  Time elapsed: 0.38 s  <<< ERROR!
java.lang.IllegalStateException: Unable to find a @SpringBootConfiguration, you need to use @ContextConfiguration or @SpringBootTest(classes=...) with your test

